<?xml version="1.0" encoding="UTF-8"?>
<!-- Generated by org.testng.reporters.JUnitReportReporter -->
<testsuite skipped="0" hostname="Lenovo-PC" name="com.qa.rest.tests.GetCallBDD" tests="1" failures="0" timestamp="08 May 2018 19:53:29 GMT" time="3.659" errors="0">
  <testcase name="test_numberOfCircuitsFor2017_Season" time="3.659" classname="com.qa.rest.tests.GetCallBDD"/>
</testsuite> <!-- com.qa.rest.tests.GetCallBDD -->
